[debug] [2021-06-16T14:11:23.270Z] ----------------------------------------------------------------------
[debug] [2021-06-16T14:11:23.272Z] Command:       /usr/local/bin/node /usr/local/bin/firebase emulators:start
[debug] [2021-06-16T14:11:23.273Z] CLI Version:   9.12.1
[debug] [2021-06-16T14:11:23.273Z] Platform:      darwin
[debug] [2021-06-16T14:11:23.273Z] Node Version:  v14.15.4
[debug] [2021-06-16T14:11:23.274Z] Time:          Wed Jun 16 2021 10:11:23 GMT-0400 (Eastern Daylight Time)
[debug] [2021-06-16T14:11:23.274Z] ----------------------------------------------------------------------
[debug] 
[debug] [2021-06-16T14:11:23.280Z] > command requires scopes: ["email","openid","https://www.googleapis.com/auth/cloudplatformprojects.readonly","https://www.googleapis.com/auth/firebase","https://www.googleapis.com/auth/cloud-platform"]
[debug] [2021-06-16T14:11:23.280Z] > authorizing via signed-in user (haslzun08@gmail.com)
[info] i  emulators: Starting emulators: functions, hosting {"metadata":{"emulator":{"name":"hub"},"message":"Starting emulators: functions, hosting"}}
[debug] [2021-06-16T14:11:23.304Z] [hub] writing locator at /var/folders/7b/r_wdhqzj0lq6q9m_3xlbf6340000gn/T/hub-clone-6a45d.json
[warn] ⚠  functions: The following emulators are not running, calls to these services from the Functions emulator will affect production: auth, firestore, database, pubsub, storage {"metadata":{"emulator":{"name":"functions"},"message":"The following emulators are not running, calls to these services from the Functions emulator will affect production: \u001b[1mauth, firestore, database, pubsub, storage\u001b[22m"}}
[info] ✔  functions: Using node@14 from host. {"metadata":{"emulator":{"name":"functions"},"message":"Using node@14 from host."}}
[debug] [2021-06-16T14:11:23.340Z] defaultcredentials: writing to file /Users/haslhoff/.config/firebase/haslzun08_gmail_com_application_default_credentials.json
[debug] [2021-06-16T14:11:23.344Z] Setting GAC to /Users/haslhoff/.config/firebase/haslzun08_gmail_com_application_default_credentials.json {"metadata":{"emulator":{"name":"functions"},"message":"Setting GAC to /Users/haslhoff/.config/firebase/haslzun08_gmail_com_application_default_credentials.json"}}
[debug] [2021-06-16T14:11:23.347Z] > refreshing access token with scopes: []
[debug] [2021-06-16T14:11:23.347Z] >>> HTTP REQUEST POST https://www.googleapis.com/oauth2/v3/token  
 <request body omitted>
[debug] [2021-06-16T14:11:23.576Z] <<< HTTP RESPONSE 200 {"date":"Wed, 16 Jun 2021 14:11:23 GMT","cache-control":"no-cache, no-store, max-age=0, must-revalidate","expires":"Mon, 01 Jan 1990 00:00:00 GMT","pragma":"no-cache","content-type":"application/json; charset=utf-8","vary":"X-Origin, Referer, Origin,Accept-Encoding","server":"scaffolding on HTTPServer2","x-xss-protection":"0","x-frame-options":"SAMEORIGIN","x-content-type-options":"nosniff","alt-svc":"h3=\":443\"; ma=2592000,h3-29=\":443\"; ma=2592000,h3-T051=\":443\"; ma=2592000,h3-Q050=\":443\"; ma=2592000,h3-Q046=\":443\"; ma=2592000,h3-Q043=\":443\"; ma=2592000,quic=\":443\"; ma=2592000; v=\"46,43\"","accept-ranges":"none","transfer-encoding":"chunked"}
[debug] [2021-06-16T14:11:23.631Z] >>> [apiv2][query] GET https://firebase.googleapis.com/v1beta1/projects/clone-6a45d/adminSdkConfig [none]
[debug] [2021-06-16T14:11:24.010Z] <<< [apiv2][status] GET https://firebase.googleapis.com/v1beta1/projects/clone-6a45d/adminSdkConfig 200
[debug] [2021-06-16T14:11:24.010Z] <<< [apiv2][body] GET https://firebase.googleapis.com/v1beta1/projects/clone-6a45d/adminSdkConfig {"projectId":"clone-6a45d","storageBucket":"clone-6a45d.appspot.com","locationId":"us-central"}
[debug] [2021-06-16T14:11:24.048Z] >>> [apiv2][query] GET https://firebasehosting.googleapis.com/v1beta1/projects/clone-6a45d/sites 
[debug] [2021-06-16T14:11:24.446Z] <<< [apiv2][status] GET https://firebasehosting.googleapis.com/v1beta1/projects/clone-6a45d/sites 200
[debug] [2021-06-16T14:11:24.446Z] <<< [apiv2][body] GET https://firebasehosting.googleapis.com/v1beta1/projects/clone-6a45d/sites {"sites":[{"name":"projects/673371642021/sites/clone-6a45d","defaultUrl":"https://clone-6a45d.web.app","appId":"1:673371642021:web:bc1c48d8f8b9b8f85ad54c","type":"DEFAULT_SITE"}]}
[debug] [2021-06-16T14:11:24.447Z] >>> [apiv2][query] GET https://firebase.googleapis.com/v1beta1/projects/clone-6a45d/webApps/1:673371642021:web:bc1c48d8f8b9b8f85ad54c/config [none]
[debug] [2021-06-16T14:11:24.985Z] <<< [apiv2][status] GET https://firebase.googleapis.com/v1beta1/projects/clone-6a45d/webApps/1:673371642021:web:bc1c48d8f8b9b8f85ad54c/config 200
[debug] [2021-06-16T14:11:24.986Z] <<< [apiv2][body] GET https://firebase.googleapis.com/v1beta1/projects/clone-6a45d/webApps/1:673371642021:web:bc1c48d8f8b9b8f85ad54c/config {"projectId":"clone-6a45d","appId":"1:673371642021:web:bc1c48d8f8b9b8f85ad54c","storageBucket":"clone-6a45d.appspot.com","locationId":"us-central","apiKey":"AIzaSyCbZH7iJKpmIoPmfdBwmO90lpAymuG0Cko","authDomain":"clone-6a45d.firebaseapp.com","messagingSenderId":"673371642021","measurementId":"G-CX5TWWZPFJ"}
[info] i  hosting: Serving hosting files from: build {"metadata":{"emulator":{"name":"hosting"},"message":"Serving hosting files from: \u001b[1mbuild\u001b[22m"}}
[info] ✔  hosting: Local server: http://localhost:5000 {"metadata":{"emulator":{"name":"hosting"},"message":"Local server: \u001b[4m\u001b[1mhttp://localhost:5000\u001b[22m\u001b[24m"}}
[debug] [2021-06-16T14:11:25.060Z] Ignoring unsupported arg: auto_download {"metadata":{"emulator":{"name":"ui"},"message":"Ignoring unsupported arg: auto_download"}}
[debug] [2021-06-16T14:11:25.060Z] Ignoring unsupported arg: port {"metadata":{"emulator":{"name":"ui"},"message":"Ignoring unsupported arg: port"}}
[debug] [2021-06-16T14:11:25.061Z] Starting Emulator UI with command {"binary":"node","args":["/Users/haslhoff/.cache/firebase/emulators/ui-v1.5.0/server.bundle.js"],"optionalArgs":[],"joinArgs":false} {"metadata":{"emulator":{"name":"ui"},"message":"Starting Emulator UI with command {\"binary\":\"node\",\"args\":[\"/Users/haslhoff/.cache/firebase/emulators/ui-v1.5.0/server.bundle.js\"],\"optionalArgs\":[],\"joinArgs\":false}"}}
[info] i  ui: Emulator UI logging to ui-debug.log {"metadata":{"emulator":{"name":"ui"},"message":"Emulator UI logging to \u001b[1mui-debug.log\u001b[22m"}}
[debug] [2021-06-16T14:11:25.162Z] Web / API server started at http://localhost:4000
 {"metadata":{"emulator":{"name":"ui"},"message":"Web / API server started at http://localhost:4000\n"}}
[info] i  functions: Watching "/Users/haslhoff/Desktop/Amazon-clone/amazon-clone/functions" for Cloud Functions... {"metadata":{"emulator":{"name":"functions"},"message":"Watching \"/Users/haslhoff/Desktop/Amazon-clone/amazon-clone/functions\" for Cloud Functions..."}}
[debug] [2021-06-16T14:11:25.346Z] [worker-pool] addWorker(~diagnostic~) {"metadata":{"emulator":{"name":"functions"},"message":"[worker-pool] addWorker(~diagnostic~)"}}
[debug] [2021-06-16T14:11:25.347Z] [worker-pool] Adding worker with key ~diagnostic~, total=1 {"metadata":{"emulator":{"name":"functions"},"message":"[worker-pool] Adding worker with key ~diagnostic~, total=1"}}
[debug] [2021-06-16T14:11:25.347Z] [worker-pool] submitWork(triggerId=) {"metadata":{"emulator":{"name":"functions"},"message":"[worker-pool] submitWork(triggerId=)"}}
[debug] [2021-06-16T14:11:25.348Z] [worker-~diagnostic~-4be476da-29c2-458c-a203-116d699814d3]: Assigning socketPath: /var/folders/7b/r_wdhqzj0lq6q9m_3xlbf6340000gn/T/fire_emu_78435.sock {"metadata":{"emulator":{"name":"functions"},"message":"[worker-~diagnostic~-4be476da-29c2-458c-a203-116d699814d3]: Assigning socketPath: /var/folders/7b/r_wdhqzj0lq6q9m_3xlbf6340000gn/T/fire_emu_78435.sock"}}
[debug] [2021-06-16T14:11:25.349Z] [worker-~diagnostic~-4be476da-29c2-458c-a203-116d699814d3]: BUSY {"metadata":{"emulator":{"name":"functions"},"message":"[worker-~diagnostic~-4be476da-29c2-458c-a203-116d699814d3]: BUSY"}}
[debug] [2021-06-16T14:11:25.481Z] [runtime-status] [78435] Functions runtime initialized. {"cwd":"/Users/haslhoff/Desktop/Amazon-clone/amazon-clone/functions","node_version":"14.15.4"} {"metadata":{"emulator":{"name":"functions"},"message":"[runtime-status] [78435] Functions runtime initialized. {\"cwd\":\"/Users/haslhoff/Desktop/Amazon-clone/amazon-clone/functions\",\"node_version\":\"14.15.4\"}"}}
[debug] [2021-06-16T14:11:25.482Z] [runtime-status] [78435] Disabled runtime features: undefined {"metadata":{"emulator":{"name":"functions"},"message":"[runtime-status] [78435] Disabled runtime features: undefined"}}
[debug] [2021-06-16T14:11:25.485Z] [runtime-status] [78435] Resolved module firebase-admin {"declared":true,"installed":true,"version":"9.9.0","resolution":"/Users/haslhoff/Desktop/Amazon-clone/amazon-clone/functions/node_modules/firebase-admin/lib/index.js"} {"metadata":{"emulator":{"name":"functions"},"message":"[runtime-status] [78435] Resolved module firebase-admin {\"declared\":true,\"installed\":true,\"version\":\"9.9.0\",\"resolution\":\"/Users/haslhoff/Desktop/Amazon-clone/amazon-clone/functions/node_modules/firebase-admin/lib/index.js\"}"}}
[debug] [2021-06-16T14:11:25.489Z] [runtime-status] [78435] Resolved module firebase-functions {"declared":true,"installed":true,"version":"3.14.1","resolution":"/Users/haslhoff/Desktop/Amazon-clone/amazon-clone/functions/node_modules/firebase-functions/lib/index.js"} {"metadata":{"emulator":{"name":"functions"},"message":"[runtime-status] [78435] Resolved module firebase-functions {\"declared\":true,\"installed\":true,\"version\":\"3.14.1\",\"resolution\":\"/Users/haslhoff/Desktop/Amazon-clone/amazon-clone/functions/node_modules/firebase-functions/lib/index.js\"}"}}
[debug] [2021-06-16T14:11:25.492Z] [runtime-status] [78435] Resolved module firebase-functions {"declared":true,"installed":true,"version":"3.14.1","resolution":"/Users/haslhoff/Desktop/Amazon-clone/amazon-clone/functions/node_modules/firebase-functions/lib/index.js"} {"metadata":{"emulator":{"name":"functions"},"message":"[runtime-status] [78435] Resolved module firebase-functions {\"declared\":true,\"installed\":true,\"version\":\"3.14.1\",\"resolution\":\"/Users/haslhoff/Desktop/Amazon-clone/amazon-clone/functions/node_modules/firebase-functions/lib/index.js\"}"}}
[debug] [2021-06-16T14:11:25.494Z] [runtime-status] [78435] Outgoing network have been stubbed. [{"name":"http","status":"mocked"},{"name":"http","status":"mocked"},{"name":"https","status":"mocked"},{"name":"https","status":"mocked"},{"name":"net","status":"mocked"}] {"metadata":{"emulator":{"name":"functions"},"message":"[runtime-status] [78435] Outgoing network have been stubbed. [{\"name\":\"http\",\"status\":\"mocked\"},{\"name\":\"http\",\"status\":\"mocked\"},{\"name\":\"https\",\"status\":\"mocked\"},{\"name\":\"https\",\"status\":\"mocked\"},{\"name\":\"net\",\"status\":\"mocked\"}]"}}
[debug] [2021-06-16T14:11:25.494Z] [runtime-status] [78435] Resolved module firebase-functions {"declared":true,"installed":true,"version":"3.14.1","resolution":"/Users/haslhoff/Desktop/Amazon-clone/amazon-clone/functions/node_modules/firebase-functions/lib/index.js"} {"metadata":{"emulator":{"name":"functions"},"message":"[runtime-status] [78435] Resolved module firebase-functions {\"declared\":true,\"installed\":true,\"version\":\"3.14.1\",\"resolution\":\"/Users/haslhoff/Desktop/Amazon-clone/amazon-clone/functions/node_modules/firebase-functions/lib/index.js\"}"}}
[debug] [2021-06-16T14:11:25.533Z] [runtime-status] [78435] Checked functions.config() {"config":{}} {"metadata":{"emulator":{"name":"functions"},"message":"[runtime-status] [78435] Checked functions.config() {\"config\":{}}"}}
[debug] [2021-06-16T14:11:25.533Z] [runtime-status] [78435] firebase-functions has been stubbed. {"functionsResolution":{"declared":true,"installed":true,"version":"3.14.1","resolution":"/Users/haslhoff/Desktop/Amazon-clone/amazon-clone/functions/node_modules/firebase-functions/lib/index.js"}} {"metadata":{"emulator":{"name":"functions"},"message":"[runtime-status] [78435] firebase-functions has been stubbed. {\"functionsResolution\":{\"declared\":true,\"installed\":true,\"version\":\"3.14.1\",\"resolution\":\"/Users/haslhoff/Desktop/Amazon-clone/amazon-clone/functions/node_modules/firebase-functions/lib/index.js\"}}"}}
[debug] [2021-06-16T14:11:25.533Z] [runtime-status] [78435] Resolved module firebase-functions {"declared":true,"installed":true,"version":"3.14.1","resolution":"/Users/haslhoff/Desktop/Amazon-clone/amazon-clone/functions/node_modules/firebase-functions/lib/index.js"} {"metadata":{"emulator":{"name":"functions"},"message":"[runtime-status] [78435] Resolved module firebase-functions {\"declared\":true,\"installed\":true,\"version\":\"3.14.1\",\"resolution\":\"/Users/haslhoff/Desktop/Amazon-clone/amazon-clone/functions/node_modules/firebase-functions/lib/index.js\"}"}}
[debug] [2021-06-16T14:11:25.535Z] [runtime-status] [78435] Resolved module firebase-admin {"declared":true,"installed":true,"version":"9.9.0","resolution":"/Users/haslhoff/Desktop/Amazon-clone/amazon-clone/functions/node_modules/firebase-admin/lib/index.js"} {"metadata":{"emulator":{"name":"functions"},"message":"[runtime-status] [78435] Resolved module firebase-admin {\"declared\":true,\"installed\":true,\"version\":\"9.9.0\",\"resolution\":\"/Users/haslhoff/Desktop/Amazon-clone/amazon-clone/functions/node_modules/firebase-admin/lib/index.js\"}"}}
[debug] [2021-06-16T14:11:25.535Z] [runtime-status] [78435] Resolved module firebase-functions {"declared":true,"installed":true,"version":"3.14.1","resolution":"/Users/haslhoff/Desktop/Amazon-clone/amazon-clone/functions/node_modules/firebase-functions/lib/index.js"} {"metadata":{"emulator":{"name":"functions"},"message":"[runtime-status] [78435] Resolved module firebase-functions {\"declared\":true,\"installed\":true,\"version\":\"3.14.1\",\"resolution\":\"/Users/haslhoff/Desktop/Amazon-clone/amazon-clone/functions/node_modules/firebase-functions/lib/index.js\"}"}}
[debug] [2021-06-16T14:11:25.535Z] [runtime-status] [78435] firebase-admin has been stubbed. {"adminResolution":{"declared":true,"installed":true,"version":"9.9.0","resolution":"/Users/haslhoff/Desktop/Amazon-clone/amazon-clone/functions/node_modules/firebase-admin/lib/index.js"}} {"metadata":{"emulator":{"name":"functions"},"message":"[runtime-status] [78435] firebase-admin has been stubbed. {\"adminResolution\":{\"declared\":true,\"installed\":true,\"version\":\"9.9.0\",\"resolution\":\"/Users/haslhoff/Desktop/Amazon-clone/amazon-clone/functions/node_modules/firebase-admin/lib/index.js\"}}"}}
[debug] [2021-06-16T14:11:25.637Z] [worker-~diagnostic~-4be476da-29c2-458c-a203-116d699814d3]: IDLE {"metadata":{"emulator":{"name":"functions"},"message":"[worker-~diagnostic~-4be476da-29c2-458c-a203-116d699814d3]: IDLE"}}
[info] ✔  functions[us-central1-api]: http function initialized (http://localhost:5001/clone-6a45d/us-central1/api). {"metadata":{"emulator":{"name":"functions"},"message":"\u001b[1mhttp\u001b[22m function initialized (http://localhost:5001/clone-6a45d/us-central1/api)."}}
[info] 
┌─────────────────────────────────────────────────────────────┐
│ ✔  All emulators ready! It is now safe to connect your app. │
│ i  View Emulator UI at http://localhost:4000                │
└─────────────────────────────────────────────────────────────┘

┌───────────┬────────────────┬─────────────────────────────────┐
│ Emulator  │ Host:Port      │ View in Emulator UI             │
├───────────┼────────────────┼─────────────────────────────────┤
│ Functions │ localhost:5001 │ http://localhost:4000/functions │
├───────────┼────────────────┼─────────────────────────────────┤
│ Hosting   │ localhost:5000 │ n/a                             │
└───────────┴────────────────┴─────────────────────────────────┘
  Emulator Hub running at localhost:4400
  Other reserved ports: 4500

Issues? Report them at https://github.com/firebase/firebase-tools/issues and attach the *-debug.log files.
 
[debug] [2021-06-16T14:11:36.637Z] [work-queue] {"queueLength":1,"workRunningCount":0}
[debug] [2021-06-16T14:11:36.638Z] [work-queue] {"queueLength":0,"workRunningCount":1}
[debug] [2021-06-16T14:11:36.638Z] Accepted request GET /clone-6a45d/us-central1/api --> us-central1-api
[debug] [2021-06-16T14:11:36.645Z] [worker-pool] addWorker(us-central1-api) {"metadata":{"emulator":{"name":"functions"},"message":"[worker-pool] addWorker(us-central1-api)"}}
[debug] [2021-06-16T14:11:36.646Z] [worker-pool] Adding worker with key us-central1-api, total=1 {"metadata":{"emulator":{"name":"functions"},"message":"[worker-pool] Adding worker with key us-central1-api, total=1"}}
[debug] [2021-06-16T14:11:36.646Z] [worker-pool] submitWork(triggerId=us-central1-api) {"metadata":{"emulator":{"name":"functions"},"message":"[worker-pool] submitWork(triggerId=us-central1-api)"}}
[debug] [2021-06-16T14:11:36.647Z] [worker-us-central1-api-f69d8de6-d0a8-4ef0-a839-e02f099e72ae]: Assigning socketPath: /var/folders/7b/r_wdhqzj0lq6q9m_3xlbf6340000gn/T/fire_emu_78448.sock {"metadata":{"emulator":{"name":"functions"},"message":"[worker-us-central1-api-f69d8de6-d0a8-4ef0-a839-e02f099e72ae]: Assigning socketPath: /var/folders/7b/r_wdhqzj0lq6q9m_3xlbf6340000gn/T/fire_emu_78448.sock"}}
[debug] [2021-06-16T14:11:36.647Z] [worker-us-central1-api-f69d8de6-d0a8-4ef0-a839-e02f099e72ae]: BUSY {"metadata":{"emulator":{"name":"functions"},"message":"[worker-us-central1-api-f69d8de6-d0a8-4ef0-a839-e02f099e72ae]: BUSY"}}
[debug] [2021-06-16T14:11:36.790Z] [runtime-status] [78448] Functions runtime initialized. {"cwd":"/Users/haslhoff/Desktop/Amazon-clone/amazon-clone/functions","node_version":"14.15.4"} {"metadata":{"emulator":{"name":"functions"},"function":{"name":"us-central1-api"},"message":"[runtime-status] [78448] Functions runtime initialized. {\"cwd\":\"/Users/haslhoff/Desktop/Amazon-clone/amazon-clone/functions\",\"node_version\":\"14.15.4\"}"}}
[debug] [2021-06-16T14:11:36.792Z] [runtime-status] [78448] Disabled runtime features: undefined {"metadata":{"emulator":{"name":"functions"},"function":{"name":"us-central1-api"},"message":"[runtime-status] [78448] Disabled runtime features: undefined"}}
[debug] [2021-06-16T14:11:36.795Z] [runtime-status] [78448] Resolved module firebase-admin {"declared":true,"installed":true,"version":"9.9.0","resolution":"/Users/haslhoff/Desktop/Amazon-clone/amazon-clone/functions/node_modules/firebase-admin/lib/index.js"} {"metadata":{"emulator":{"name":"functions"},"function":{"name":"us-central1-api"},"message":"[runtime-status] [78448] Resolved module firebase-admin {\"declared\":true,\"installed\":true,\"version\":\"9.9.0\",\"resolution\":\"/Users/haslhoff/Desktop/Amazon-clone/amazon-clone/functions/node_modules/firebase-admin/lib/index.js\"}"}}
[debug] [2021-06-16T14:11:36.797Z] [runtime-status] [78448] Resolved module firebase-functions {"declared":true,"installed":true,"version":"3.14.1","resolution":"/Users/haslhoff/Desktop/Amazon-clone/amazon-clone/functions/node_modules/firebase-functions/lib/index.js"} {"metadata":{"emulator":{"name":"functions"},"function":{"name":"us-central1-api"},"message":"[runtime-status] [78448] Resolved module firebase-functions {\"declared\":true,\"installed\":true,\"version\":\"3.14.1\",\"resolution\":\"/Users/haslhoff/Desktop/Amazon-clone/amazon-clone/functions/node_modules/firebase-functions/lib/index.js\"}"}}
[debug] [2021-06-16T14:11:36.799Z] [runtime-status] [78448] Resolved module firebase-functions {"declared":true,"installed":true,"version":"3.14.1","resolution":"/Users/haslhoff/Desktop/Amazon-clone/amazon-clone/functions/node_modules/firebase-functions/lib/index.js"} {"metadata":{"emulator":{"name":"functions"},"function":{"name":"us-central1-api"},"message":"[runtime-status] [78448] Resolved module firebase-functions {\"declared\":true,\"installed\":true,\"version\":\"3.14.1\",\"resolution\":\"/Users/haslhoff/Desktop/Amazon-clone/amazon-clone/functions/node_modules/firebase-functions/lib/index.js\"}"}}
[debug] [2021-06-16T14:11:36.801Z] [runtime-status] [78448] Outgoing network have been stubbed. [{"name":"http","status":"mocked"},{"name":"http","status":"mocked"},{"name":"https","status":"mocked"},{"name":"https","status":"mocked"},{"name":"net","status":"mocked"}] {"metadata":{"emulator":{"name":"functions"},"function":{"name":"us-central1-api"},"message":"[runtime-status] [78448] Outgoing network have been stubbed. [{\"name\":\"http\",\"status\":\"mocked\"},{\"name\":\"http\",\"status\":\"mocked\"},{\"name\":\"https\",\"status\":\"mocked\"},{\"name\":\"https\",\"status\":\"mocked\"},{\"name\":\"net\",\"status\":\"mocked\"}]"}}
[debug] [2021-06-16T14:11:36.801Z] [runtime-status] [78448] Resolved module firebase-functions {"declared":true,"installed":true,"version":"3.14.1","resolution":"/Users/haslhoff/Desktop/Amazon-clone/amazon-clone/functions/node_modules/firebase-functions/lib/index.js"} {"metadata":{"emulator":{"name":"functions"},"function":{"name":"us-central1-api"},"message":"[runtime-status] [78448] Resolved module firebase-functions {\"declared\":true,\"installed\":true,\"version\":\"3.14.1\",\"resolution\":\"/Users/haslhoff/Desktop/Amazon-clone/amazon-clone/functions/node_modules/firebase-functions/lib/index.js\"}"}}
[debug] [2021-06-16T14:11:36.835Z] [runtime-status] [78448] Checked functions.config() {"config":{}} {"metadata":{"emulator":{"name":"functions"},"function":{"name":"us-central1-api"},"message":"[runtime-status] [78448] Checked functions.config() {\"config\":{}}"}}
[debug] [2021-06-16T14:11:36.835Z] [runtime-status] [78448] firebase-functions has been stubbed. {"functionsResolution":{"declared":true,"installed":true,"version":"3.14.1","resolution":"/Users/haslhoff/Desktop/Amazon-clone/amazon-clone/functions/node_modules/firebase-functions/lib/index.js"}} {"metadata":{"emulator":{"name":"functions"},"function":{"name":"us-central1-api"},"message":"[runtime-status] [78448] firebase-functions has been stubbed. {\"functionsResolution\":{\"declared\":true,\"installed\":true,\"version\":\"3.14.1\",\"resolution\":\"/Users/haslhoff/Desktop/Amazon-clone/amazon-clone/functions/node_modules/firebase-functions/lib/index.js\"}}"}}
[debug] [2021-06-16T14:11:36.835Z] [runtime-status] [78448] Resolved module firebase-functions {"declared":true,"installed":true,"version":"3.14.1","resolution":"/Users/haslhoff/Desktop/Amazon-clone/amazon-clone/functions/node_modules/firebase-functions/lib/index.js"} {"metadata":{"emulator":{"name":"functions"},"function":{"name":"us-central1-api"},"message":"[runtime-status] [78448] Resolved module firebase-functions {\"declared\":true,\"installed\":true,\"version\":\"3.14.1\",\"resolution\":\"/Users/haslhoff/Desktop/Amazon-clone/amazon-clone/functions/node_modules/firebase-functions/lib/index.js\"}"}}
[debug] [2021-06-16T14:11:36.837Z] [runtime-status] [78448] Resolved module firebase-admin {"declared":true,"installed":true,"version":"9.9.0","resolution":"/Users/haslhoff/Desktop/Amazon-clone/amazon-clone/functions/node_modules/firebase-admin/lib/index.js"} {"metadata":{"emulator":{"name":"functions"},"function":{"name":"us-central1-api"},"message":"[runtime-status] [78448] Resolved module firebase-admin {\"declared\":true,\"installed\":true,\"version\":\"9.9.0\",\"resolution\":\"/Users/haslhoff/Desktop/Amazon-clone/amazon-clone/functions/node_modules/firebase-admin/lib/index.js\"}"}}
[debug] [2021-06-16T14:11:36.837Z] [runtime-status] [78448] Resolved module firebase-functions {"declared":true,"installed":true,"version":"3.14.1","resolution":"/Users/haslhoff/Desktop/Amazon-clone/amazon-clone/functions/node_modules/firebase-functions/lib/index.js"} {"metadata":{"emulator":{"name":"functions"},"function":{"name":"us-central1-api"},"message":"[runtime-status] [78448] Resolved module firebase-functions {\"declared\":true,\"installed\":true,\"version\":\"3.14.1\",\"resolution\":\"/Users/haslhoff/Desktop/Amazon-clone/amazon-clone/functions/node_modules/firebase-functions/lib/index.js\"}"}}
[debug] [2021-06-16T14:11:36.837Z] [runtime-status] [78448] firebase-admin has been stubbed. {"adminResolution":{"declared":true,"installed":true,"version":"9.9.0","resolution":"/Users/haslhoff/Desktop/Amazon-clone/amazon-clone/functions/node_modules/firebase-admin/lib/index.js"}} {"metadata":{"emulator":{"name":"functions"},"function":{"name":"us-central1-api"},"message":"[runtime-status] [78448] firebase-admin has been stubbed. {\"adminResolution\":{\"declared\":true,\"installed\":true,\"version\":\"9.9.0\",\"resolution\":\"/Users/haslhoff/Desktop/Amazon-clone/amazon-clone/functions/node_modules/firebase-admin/lib/index.js\"}}"}}
[debug] [2021-06-16T14:11:36.922Z] [runtime-status] [78448] Trigger "us-central1-api" has been found, beginning invocation! {"metadata":{"emulator":{"name":"functions"},"function":{"name":"us-central1-api"},"message":"[runtime-status] [78448] Trigger \"us-central1-api\" has been found, beginning invocation!"}}
[info] i  functions: Beginning execution of "us-central1-api" {"metadata":{"emulator":{"name":"functions"},"function":{"name":"us-central1-api"},"message":"Beginning execution of \"us-central1-api\""}}
[debug] [2021-06-16T14:11:36.923Z] [runtime-status] [78448] triggerDefinition {"httpsTrigger":{},"name":"api","entryPoint":"api","regions":["us-central1"],"region":"us-central1","id":"us-central1-api"} {"metadata":{"emulator":{"name":"functions"},"function":{"name":"us-central1-api"},"message":"[runtime-status] [78448] triggerDefinition {\"httpsTrigger\":{},\"name\":\"api\",\"entryPoint\":\"api\",\"regions\":[\"us-central1\"],\"region\":\"us-central1\",\"id\":\"us-central1-api\"}"}}
[debug] [2021-06-16T14:11:36.923Z] [runtime-status] [78448] Running us-central1-api in mode HTTPS {"metadata":{"emulator":{"name":"functions"},"function":{"name":"us-central1-api"},"message":"[runtime-status] [78448] Running us-central1-api in mode HTTPS"}}
[debug] [2021-06-16T14:11:36.926Z] [runtime-status] [78448] Attempting to listen to socketPath: /var/folders/7b/r_wdhqzj0lq6q9m_3xlbf6340000gn/T/fire_emu_78448.sock {"metadata":{"emulator":{"name":"functions"},"function":{"name":"us-central1-api"},"message":"[runtime-status] [78448] Attempting to listen to socketPath: /var/folders/7b/r_wdhqzj0lq6q9m_3xlbf6340000gn/T/fire_emu_78448.sock"}}
[debug] [2021-06-16T14:11:36.929Z] [functions] Runtime ready! Sending request! {"metadata":{"emulator":{"name":"functions"},"message":"[functions] Runtime ready! Sending request!"}}
[debug] [2021-06-16T14:11:36.930Z] [functions] Got req.url=/clone-6a45d/us-central1/api, mapping to path=/ {"metadata":{"emulator":{"name":"functions"},"message":"[functions] Got req.url=/clone-6a45d/us-central1/api, mapping to path=/"}}
[debug] [2021-06-16T14:11:36.939Z] [runtime-status] [78448] Ephemeral server handling GET request {"metadata":{"emulator":{"name":"functions"},"function":{"name":"us-central1-api"},"message":"[runtime-status] [78448] Ephemeral server handling GET request"}}
[debug] [2021-06-16T14:11:36.947Z] [runtime-status] [78448] Ephemeral server survived. {"metadata":{"emulator":{"name":"functions"},"function":{"name":"us-central1-api"},"message":"[runtime-status] [78448] Ephemeral server survived."}}
[info] i  functions: Finished "us-central1-api" in ~1s {"metadata":{"emulator":{"name":"functions"},"function":{"name":"us-central1-api"},"message":"Finished \"us-central1-api\" in ~1s"}}
[debug] [2021-06-16T14:11:36.949Z] [worker-us-central1-api-f69d8de6-d0a8-4ef0-a839-e02f099e72ae]: IDLE {"metadata":{"emulator":{"name":"functions"},"message":"[worker-us-central1-api-f69d8de6-d0a8-4ef0-a839-e02f099e72ae]: IDLE"}}
[debug] [2021-06-16T14:11:36.949Z] [work-queue] {"queueLength":0,"workRunningCount":0}
